<?xml version="1.0" encoding="utf-8"?><testsuites name="pytest tests"><testsuite name="pytest" errors="0" failures="0" skipped="0" tests="18" time="2.048" timestamp="2026-07-15T06:54:36.017783+00:00" hostname="agent-env-d7893487-b2d2-436b-9e51-f5e5c43e6902"><testcase classname="backend.tests.test_dharma_battle.TestConfig" name="test_root" time="0.236" /><testcase classname="backend.tests.test_dharma_battle.TestConfig" name="test_game_config_structure" time="0.041" /><testcase classname="backend.tests.test_dharma_battle.TestPlayer" name="test_create_player_defaults" time="0.044" /><testcase classname="backend.tests.test_dharma_battle.TestPlayer" name="test_create_player_name_truncated_and_default" time="0.086" /><testcase classname="backend.tests.test_dharma_battle.TestPlayer" name="test_get_player" time="0.083" /><testcase classname="backend.tests.test_dharma_battle.TestPlayer" name="test_get_player_404" time="0.041" /><testcase classname="backend.tests.test_dharma_battle.TestSelect" name="test_select_owned_weapon" time="0.041" /><testcase classname="backend.tests.test_dharma_battle.TestSelect" name="test_select_unowned_hero_ignored" time="0.039" /><testcase classname="backend.tests.test_dharma_battle.TestMatch" name="test_victory_awards" time="0.163" /><testcase classname="backend.tests.test_dharma_battle.TestMatch" name="test_defeat_awards" time="0.083" /><testcase classname="backend.tests.test_dharma_battle.TestShop" name="test_buy_coin_pack" time="0.087" /><testcase classname="backend.tests.test_dharma_battle.TestShop" name="test_unknown_coin_pack" time="0.080" /><testcase classname="backend.tests.test_dharma_battle.TestShop" name="test_buy_hero_insufficient_coins" time="0.084" /><testcase classname="backend.tests.test_dharma_battle.TestShop" name="test_buy_hero_and_double_purchase" time="0.244" /><testcase classname="backend.tests.test_dharma_battle.TestShop" name="test_buy_weapon" time="0.245" /><testcase classname="backend.tests.test_dharma_battle.TestShop" name="test_select_after_purchase" time="0.210" /><testcase classname="backend.tests.test_dharma_battle.TestShop" name="test_bad_item_type" time="0.042" /><testcase classname="backend.tests.test_dharma_battle.TestLeaderboard" name="test_leaderboard_sorted" time="0.126" /></testsuite></testsuites>